E:\蔡文静\学习\大二下学期\人工智能导论\AI_PROJECT\AI_PROJECT_WIN\CONNECT4\STRATEGY\RELEASE\STRATEGY.OBJ
E:\蔡文静\学习\大二下学期\人工智能导论\AI_PROJECT\AI_PROJECT_WIN\CONNECT4\STRATEGY\RELEASE\JUDGE.OBJ
E:\蔡文静\学习\大二下学期\人工智能导论\AI_PROJECT\AI_PROJECT_WIN\CONNECT4\STRATEGY\RELEASE\VC110.PDB
E:\蔡文静\学习\大二下学期\人工智能导论\AI_PROJECT\AI_PROJECT_WIN\CONNECT4\RELEASE\STRATEGY.DLL
E:\蔡文静\学习\大二下学期\人工智能导论\AI_PROJECT\AI_PROJECT_WIN\CONNECT4\RELEASE\STRATEGY.PDB
E:\蔡文静\学习\大二下学期\人工智能导论\AI_Project\AI_project_win\Connect4\Release\Strategy.lib
E:\蔡文静\学习\大二下学期\人工智能导论\AI_Project\AI_project_win\Connect4\Release\Strategy.exp
E:\蔡文静\学习\大二下学期\人工智能导论\AI_Project\AI_project_win\Connect4\Strategy\Release\Judge.obj
E:\蔡文静\学习\大二下学期\人工智能导论\AI_Project\AI_project_win\Connect4\Strategy\Release\Strategy.obj
E:\蔡文静\学习\大二下学期\人工智能导论\AI_Project\AI_project_win\Connect4\Strategy\Release\cl.command.1.tlog
E:\蔡文静\学习\大二下学期\人工智能导论\AI_Project\AI_project_win\Connect4\Strategy\Release\CL.read.1.tlog
E:\蔡文静\学习\大二下学期\人工智能导论\AI_Project\AI_project_win\Connect4\Strategy\Release\CL.write.1.tlog
E:\蔡文静\学习\大二下学期\人工智能导论\AI_Project\AI_project_win\Connect4\Strategy\Release\link-cvtres.read.1.tlog
E:\蔡文静\学习\大二下学期\人工智能导论\AI_Project\AI_project_win\Connect4\Strategy\Release\link-cvtres.write.1.tlog
E:\蔡文静\学习\大二下学期\人工智能导论\AI_Project\AI_project_win\Connect4\Strategy\Release\link-rc.read.1.tlog
E:\蔡文静\学习\大二下学期\人工智能导论\AI_Project\AI_project_win\Connect4\Strategy\Release\link-rc.write.1.tlog
E:\蔡文静\学习\大二下学期\人工智能导论\AI_Project\AI_project_win\Connect4\Strategy\Release\link.command.1.tlog
E:\蔡文静\学习\大二下学期\人工智能导论\AI_Project\AI_project_win\Connect4\Strategy\Release\link.read.1.tlog
E:\蔡文静\学习\大二下学期\人工智能导论\AI_Project\AI_project_win\Connect4\Strategy\Release\link.read.2.tlog
E:\蔡文静\学习\大二下学期\人工智能导论\AI_Project\AI_project_win\Connect4\Strategy\Release\link.read.3.tlog
E:\蔡文静\学习\大二下学期\人工智能导论\AI_Project\AI_project_win\Connect4\Strategy\Release\link.write.1.tlog
E:\蔡文静\学习\大二下学期\人工智能导论\AI_Project\AI_project_win\Connect4\Strategy\Release\Strategy.write.1.tlog
E:\蔡文静\学习\大二下学期\人工智能导论\AI_Project\AI_project_win\Connect4\Strategy\Release\vc110.pdb
E:\蔡文静\学习\大二下学期\人工智能导论\AI_Project\AI_project_win\Connect4\Release\Strategy.pdb
E:\蔡文静\学习\大二下学期\人工智能导论\AI_Project\AI_project_win\Connect4\Release\Strategy.dll
